<?xml version="1.0" encoding="UTF-8"?>
<!-- Generated by org.testng.reporters.JUnitReportReporter -->
<testsuite skipped="0" hostname="BLU-LP-00004" name="bluAndroid.bluAndroid.TestScripts.BluSignUpTestRunner" tests="1" failures="0" timestamp="2019-12-11T11:28:05 SGT" time="70.078" errors="0">
  <testcase name="tc01_signup" time="70.078" classname="bluAndroid.bluAndroid.TestScripts.BluSignUpTestRunner"/>
</testsuite> <!-- bluAndroid.bluAndroid.TestScripts.BluSignUpTestRunner -->
