<?xml version="1.0" encoding="UTF-8"?>
<!-- Generated by org.testng.reporters.JUnitReportReporter -->
<testsuite skipped="1" hostname="BLU-LP-00004" name="bluAndroid.bluAndroid.TestScripts.BluLoginTestRunner" tests="11" failures="0" timestamp="2019-12-11T11:28:05 SGT" time="449.333" errors="0">
  <testcase name="tc09_validEmailInvalidPassword" time="45.540" classname="bluAndroid.bluAndroid.TestScripts.BluLoginTestRunner"/>
  <testcase name="tc02_invalidEmailValidPassword" time="45.813" classname="bluAndroid.bluAndroid.TestScripts.BluLoginTestRunner"/>
  <testcase name="tc11_invalidMobileNumberInvalidPassword" time="47.108" classname="bluAndroid.bluAndroid.TestScripts.BluLoginTestRunner"/>
  <testcase name="tc08_validEmailPassword" time="45.797" classname="bluAndroid.bluAndroid.TestScripts.BluLoginTestRunner"/>
  <testcase name="tc10_validMobileNumberInvalidPassword" time="44.994" classname="bluAndroid.bluAndroid.TestScripts.BluLoginTestRunner"/>
  <testcase name="tc07_notRegisteredEmail" time="46.443" classname="bluAndroid.bluAndroid.TestScripts.BluLoginTestRunner"/>
  <testcase name="tc03_invalidMobileNumberValidPassword" time="45.860" classname="bluAndroid.bluAndroid.TestScripts.BluLoginTestRunner"/>
  <testcase name="tc06_notRegisteredMobileNumber" time="45.495" classname="bluAndroid.bluAndroid.TestScripts.BluLoginTestRunner"/>
  <testcase name="tc04_withoutCredentials" time="34.174" classname="bluAndroid.bluAndroid.TestScripts.BluLoginTestRunner"/>
  <testcase name="tc01_validMobileValidPassword" time="48.109" classname="bluAndroid.bluAndroid.TestScripts.BluLoginTestRunner"/>
  <testcase name="splashScreen" classname="bluAndroid.bluAndroid.TestScripts.BluLoginTestRunner">
    <skipped/>
  </testcase> <!-- splashScreen -->
</testsuite> <!-- bluAndroid.bluAndroid.TestScripts.BluLoginTestRunner -->
